

Microchip Technology PIC18 LITE Macro Assembler V1.45 build -152302408 
                                                                                               Thu Apr 12 16:58:42 2018

Microchip Technology Omniscient Code Generator v1.45 (Free mode) build 201711160504
     1                           	processor	18F25K50
     2                           	fnconf	rparam,??,?,0
     3                           	opt	pw 120
     4                           	opt	lm
     5                           	psect	cinit,global,reloc=2,class=CODE,delta=1
     6                           	psect	cstackCOMRAM,global,class=COMRAM,space=1,delta=1,noexec
     7                           	psect	text0,global,reloc=2,class=CODE,delta=1
     8                           	psect	text1,global,reloc=2,class=CODE,delta=1
     9                           	psect	intsave_regs,global,class=BIGRAM,space=1,delta=1,noexec
    10                           	psect	rparam,global,class=COMRAM,space=1,delta=1,noexec
    11  0000                     
    12                           ; Version 1.45
    13                           ; Generated 16/11/2017 GMT
    14                           ; 
    15                           ; Copyright © 2017, Microchip Technology Inc. and its subsidiaries ("Microchip")
    16                           ; All rights reserved.
    17                           ; 
    18                           ; This software is developed by Microchip Technology Inc. and its subsidiaries ("Microch
      +                          ip").
    19                           ; 
    20                           ; Redistribution and use in source and binary forms, with or without modification, are
    21                           ; permitted provided that the following conditions are met:
    22                           ; 
    23                           ;     1. Redistributions of source code must retain the above copyright notice, this lis
      +                          t of
    24                           ;        conditions and the following disclaimer.
    25                           ; 
    26                           ;     2. Redistributions in binary form must reproduce the above copyright notice, this 
      +                          list
    27                           ;        of conditions and the following disclaimer in the documentation and/or other
    28                           ;        materials provided with the distribution.
    29                           ; 
    30                           ;     3. Microchip's name may not be used to endorse or promote products derived from th
      +                          is
    31                           ;        software without specific prior written permission.
    32                           ; 
    33                           ; THIS SOFTWARE IS PROVIDED BY MICROCHIP "AS IS" AND ANY EXPRESS OR IMPLIED WARRANTIES,
    34                           ; INCLUDING, BUT NOT LIMITED TO, THE IMPLIED WARRANTIES OF MERCHANTABILITY AND FITNESS F
      +                          OR
    35                           ; PURPOSE ARE DISCLAIMED.  IN NO EVENT SHALL MICROCHIP BE LIABLE FOR ANY DIRECT, INDIREC
      +                          T,
    36                           ; INCIDENTAL, SPECIAL, EXEMPLARY, OR CONSEQUENTIAL DAMAGES (INCLUDING BUT NOT LIMITED TO
    37                           ; PROCUREMENT OF SUBSTITUTE GOODS OR SERVICES; LOSS OF USE, DATA OR PROFITS; OR BUSINESS
    38                           ; INTERRUPTION) HOWSOEVER CAUSED AND ON ANY THEORY OF LIABILITY, WHETHER IN CONTRACT, ST
      +                          RICT
    39                           ; LIABILITY, OR TORT (INCLUDING NEGLIGENCE OR OTHERWISE) ARISING IN ANY WAY OUT OF THE U
      +                          SE OF
    40                           ; THIS SOFTWARE, EVEN IF ADVISED OF THE POSSIBILITY OF SUCH DAMAGE.
    41                           ; 
    42                           ; 
    43                           ; Code-generator required, PIC18F25K50 Definitions
    44                           ; 
    45                           ; SFR Addresses
    46  0000                     _PORTC	set	3970
    47  0000                     _PORTB	set	3969
    48  0000                     _PORTA	set	3968
    49  0000                     _ADCON2	set	4032
    50  0000                     _ADCON1	set	4033
    51  0000                     _ADCON0	set	4034
    52  0000                     _TRISC	set	3988
    53  0000                     _TRISB	set	3987
    54  0000                     _TRISA	set	3986
    55                           
    56                           ; #config settings
    57  0000                     
    58                           	psect	cinit
    59  007F56                     __pcinit:
    60                           	opt stack 0
    61  007F56                     start_initialization:
    62                           	opt stack 0
    63  007F56                     __initialization:
    64                           	opt stack 0
    65  007F56                     end_of_initialization:
    66                           	opt stack 0
    67  007F56                     __end_of__initialization:
    68                           	opt stack 0
    69  007F56  0100               	movlb	0
    70  007F58  EFC1  F03F         	goto	_main	;jump to C main() function
    71                           
    72                           	psect	cstackCOMRAM
    73  000001                     __pcstackCOMRAM:
    74                           	opt stack 0
    75  000001                     
    76                           ; 2 bytes @ 0x0
    77  000001                     	ds	2
    78  000003                     
    79                           ; 3 bytes @ 0x2
    80  000003                     	ds	3
    81  000006                     
    82                           ; 1 bytes @ 0x5
    83 ;;
    84 ;;Main: autosize = 0, tempsize = 0, incstack = 0, save=0
    85 ;;
    86 ;; *************** function _main *****************
    87 ;; Defined at:
    88 ;;		line 109 in file "pic18fmain.c"
    89 ;; Parameters:    Size  Location     Type
    90 ;;  argc            2    0[COMRAM] int 
    91 ;;  argv            3    2[COMRAM] PTR PTR unsigned char 
    92 ;; Auto vars:     Size  Location     Type
    93 ;;		None
    94 ;; Return value:  Size  Location     Type
    95 ;;                  2    0[COMRAM] int 
    96 ;; Registers used:
    97 ;;		wreg, status,2, cstack
    98 ;; Tracked objects:
    99 ;;		On entry : 0/0
   100 ;;		On exit  : 0/0
   101 ;;		Unchanged: 0/0
   102 ;; Data sizes:     COMRAM   BANK0   BANK1   BANK2   BANK3   BANK4   BANK5   BANK6   BANK7
   103 ;;      Params:         5       0       0       0       0       0       0       0       0
   104 ;;      Locals:         0       0       0       0       0       0       0       0       0
   105 ;;      Temps:          0       0       0       0       0       0       0       0       0
   106 ;;      Totals:         5       0       0       0       0       0       0       0       0
   107 ;;Total ram usage:        5 bytes
   108 ;; Hardware stack levels required when called:    1
   109 ;; This function calls:
   110 ;;		_initialize
   111 ;; This function is called by:
   112 ;;		Startup code after reset
   113 ;; This function uses a non-reentrant model
   114 ;;
   115                           
   116                           	psect	text0
   117  007F82                     __ptext0:
   118                           	opt stack 0
   119  007F82                     _main:
   120                           	opt stack 30
   121                           
   122                           ;pic18fmain.c: 110: initialize();
   123                           
   124                           ;incstack = 0
   125  007F82  ECAE  F03F         	call	_initialize	;wreg free
   126  007F86                     
   127                           ;pic18fmain.c: 113: PORTA = 0b00000001;
   128  007F86  0E01               	movlw	1
   129  007F88  6E80               	movwf	3968,c	;volatile
   130                           
   131                           ;pic18fmain.c: 114: _delay(5);
   132  007F8A  D000               	nop2		;2 cycle nop
   133  007F8C  D000               	nop2		;2 cycle nop
   134  007F8E  F000               	nop	
   135                           
   136                           ;pic18fmain.c: 116: PORTB = 0b00000001;
   137  007F90  0E01               	movlw	1
   138  007F92  6E81               	movwf	3969,c	;volatile
   139                           
   140                           ;pic18fmain.c: 117: _delay(6);
   141  007F94  D000               	nop2		;2 cycle nop
   142  007F96  D000               	nop2		;2 cycle nop
   143  007F98  D000               	nop2		;2 cycle nop
   144                           
   145                           ;pic18fmain.c: 118: PORTB = 0;
   146  007F9A  0E00               	movlw	0
   147  007F9C  6E81               	movwf	3969,c	;volatile
   148                           
   149                           ;pic18fmain.c: 120: _delay(9);
   150  007F9E  0E03               	movlw	3
   151  007FA0                     u17:
   152  007FA0  2EE8               	decfsz	wreg,f,c
   153  007FA2  D7FE               	bra	u17
   154                           
   155                           ;pic18fmain.c: 122: PORTA = 0b00000010;
   156  007FA4  0E02               	movlw	2
   157  007FA6  6E80               	movwf	3968,c	;volatile
   158                           
   159                           ;pic18fmain.c: 123: _delay(5);
   160  007FA8  D000               	nop2		;2 cycle nop
   161  007FAA  D000               	nop2		;2 cycle nop
   162  007FAC  F000               	nop	
   163                           
   164                           ;pic18fmain.c: 125: PORTB = 0b00000010;
   165  007FAE  0E02               	movlw	2
   166  007FB0  6E81               	movwf	3969,c	;volatile
   167                           
   168                           ;pic18fmain.c: 126: _delay(6);
   169  007FB2  D000               	nop2		;2 cycle nop
   170  007FB4  D000               	nop2		;2 cycle nop
   171  007FB6  D000               	nop2		;2 cycle nop
   172                           
   173                           ;pic18fmain.c: 127: PORTB = 0;
   174  007FB8  0E00               	movlw	0
   175  007FBA  6E81               	movwf	3969,c	;volatile
   176                           
   177                           ;pic18fmain.c: 129: _delay(9);
   178  007FBC  0E03               	movlw	3
   179  007FBE                     u27:
   180  007FBE  2EE8               	decfsz	wreg,f,c
   181  007FC0  D7FE               	bra	u27
   182                           
   183                           ;pic18fmain.c: 131: PORTA = 0b00000100;
   184  007FC2  0E04               	movlw	4
   185  007FC4  6E80               	movwf	3968,c	;volatile
   186                           
   187                           ;pic18fmain.c: 132: _delay(5);
   188  007FC6  D000               	nop2		;2 cycle nop
   189  007FC8  D000               	nop2		;2 cycle nop
   190  007FCA  F000               	nop	
   191                           
   192                           ;pic18fmain.c: 134: PORTB = 0b00000100;
   193  007FCC  0E04               	movlw	4
   194  007FCE  6E81               	movwf	3969,c	;volatile
   195                           
   196                           ;pic18fmain.c: 135: _delay(6);
   197  007FD0  D000               	nop2		;2 cycle nop
   198  007FD2  D000               	nop2		;2 cycle nop
   199  007FD4  D000               	nop2		;2 cycle nop
   200                           
   201                           ;pic18fmain.c: 136: PORTB = 0;
   202  007FD6  0E00               	movlw	0
   203  007FD8  6E81               	movwf	3969,c	;volatile
   204                           
   205                           ;pic18fmain.c: 138: _delay(9);
   206  007FDA  0E03               	movlw	3
   207  007FDC                     u37:
   208  007FDC  2EE8               	decfsz	wreg,f,c
   209  007FDE  D7FE               	bra	u37
   210                           
   211                           ;pic18fmain.c: 140: PORTA = 0b00001000;
   212  007FE0  0E08               	movlw	8
   213  007FE2  6E80               	movwf	3968,c	;volatile
   214                           
   215                           ;pic18fmain.c: 141: _delay(5);
   216  007FE4  D000               	nop2		;2 cycle nop
   217  007FE6  D000               	nop2		;2 cycle nop
   218  007FE8  F000               	nop	
   219                           
   220                           ;pic18fmain.c: 143: PORTB = 0b00001000;
   221  007FEA  0E08               	movlw	8
   222  007FEC  6E81               	movwf	3969,c	;volatile
   223                           
   224                           ;pic18fmain.c: 144: _delay(6);
   225  007FEE  D000               	nop2		;2 cycle nop
   226  007FF0  D000               	nop2		;2 cycle nop
   227  007FF2  D000               	nop2		;2 cycle nop
   228                           
   229                           ;pic18fmain.c: 145: PORTB = 0;
   230  007FF4  0E00               	movlw	0
   231  007FF6  6E81               	movwf	3969,c	;volatile
   232                           
   233                           ;pic18fmain.c: 147: _delay(9);
   234  007FF8  0E03               	movlw	3
   235  007FFA                     u47:
   236  007FFA  2EE8               	decfsz	wreg,f,c
   237  007FFC  D7FE               	bra	u47
   238  007FFE  D7C3               	goto	l28
   239  008000                     __end_of_main:
   240                           	opt stack 0
   241                           wreg	equ	0xFE8
   242                           
   243 ;; *************** function _initialize *****************
   244 ;; Defined at:
   245 ;;		line 95 in file "pic18fmain.c"
   246 ;; Parameters:    Size  Location     Type
   247 ;;		None
   248 ;; Auto vars:     Size  Location     Type
   249 ;;		None
   250 ;; Return value:  Size  Location     Type
   251 ;;                  1    wreg      void 
   252 ;; Registers used:
   253 ;;		wreg, status,2
   254 ;; Tracked objects:
   255 ;;		On entry : 0/0
   256 ;;		On exit  : 0/0
   257 ;;		Unchanged: 0/0
   258 ;; Data sizes:     COMRAM   BANK0   BANK1   BANK2   BANK3   BANK4   BANK5   BANK6   BANK7
   259 ;;      Params:         0       0       0       0       0       0       0       0       0
   260 ;;      Locals:         0       0       0       0       0       0       0       0       0
   261 ;;      Temps:          0       0       0       0       0       0       0       0       0
   262 ;;      Totals:         0       0       0       0       0       0       0       0       0
   263 ;;Total ram usage:        0 bytes
   264 ;; Hardware stack levels used:    1
   265 ;; This function calls:
   266 ;;		Nothing
   267 ;; This function is called by:
   268 ;;		_main
   269 ;; This function uses a non-reentrant model
   270 ;;
   271                           
   272                           	psect	text1
   273  007F5C                     __ptext1:
   274                           	opt stack 0
   275  007F5C                     _initialize:
   276                           	opt stack 30
   277                           
   278                           ;pic18fmain.c: 96: TRISA = 0;
   279                           
   280                           ;incstack = 0
   281  007F5C  0E00               	movlw	0
   282  007F5E  6E92               	movwf	3986,c	;volatile
   283                           
   284                           ;pic18fmain.c: 97: TRISB = 0;
   285  007F60  0E00               	movlw	0
   286  007F62  6E93               	movwf	3987,c	;volatile
   287                           
   288                           ;pic18fmain.c: 98: TRISC = 0;
   289  007F64  0E00               	movlw	0
   290  007F66  6E94               	movwf	3988,c	;volatile
   291                           
   292                           ;pic18fmain.c: 100: ADCON0 = 0;
   293  007F68  0E00               	movlw	0
   294  007F6A  6EC2               	movwf	4034,c	;volatile
   295                           
   296                           ;pic18fmain.c: 101: ADCON1 = 0;
   297  007F6C  0E00               	movlw	0
   298  007F6E  6EC1               	movwf	4033,c	;volatile
   299                           
   300                           ;pic18fmain.c: 102: ADCON2 = 0;
   301  007F70  0E00               	movlw	0
   302  007F72  6EC0               	movwf	4032,c	;volatile
   303                           
   304                           ;pic18fmain.c: 104: PORTA = 0;
   305  007F74  0E00               	movlw	0
   306  007F76  6E80               	movwf	3968,c	;volatile
   307                           
   308                           ;pic18fmain.c: 105: PORTB = 0;
   309  007F78  0E00               	movlw	0
   310  007F7A  6E81               	movwf	3969,c	;volatile
   311                           
   312                           ;pic18fmain.c: 106: PORTC = 0;
   313  007F7C  0E00               	movlw	0
   314  007F7E  6E82               	movwf	3970,c	;volatile
   315  007F80  0012               	return		;funcret
   316  007F82                     __end_of_initialize:
   317                           	opt stack 0
   318  0000                     wreg	equ	0xFE8
   319                           wreg	equ	0xFE8
   320                           
   321                           	psect	rparam
   322  0000                     wreg	equ	0xFE8


Data Sizes:
    Strings     0
    Constant    0
    Data        0
    BSS         0
    Persistent  0
    Stack       0

Auto Spaces:
    Space          Size  Autos    Used
    COMRAM           95      5       5
    BANK0           160      0       0
    BANK1           256      0       0
    BANK2           256      0       0
    BANK3           256      0       0
    BANK4           256      0       0
    BANK5           256      0       0
    BANK6           256      0       0
    BANK7           256      0       0

Pointer List with Targets:

    None.

Critical Paths under _main in COMRAM

    None.

Critical Paths under _main in BANK0

    None.

Critical Paths under _main in BANK1

    None.

Critical Paths under _main in BANK2

    None.

Critical Paths under _main in BANK3

    None.

Critical Paths under _main in BANK4

    None.

Critical Paths under _main in BANK5

    None.

Critical Paths under _main in BANK6

    None.

Critical Paths under _main in BANK7

    None.

Call Graph Tables:

 ---------------------------------------------------------------------------------
 (Depth) Function   	        Calls       Base Space   Used Autos Params    Refs
 ---------------------------------------------------------------------------------
 (0) _main                                                 5     0      5       0
                                              0 COMRAM     5     0      5
                         _initialize
 ---------------------------------------------------------------------------------
 (1) _initialize                                           0     0      0       0
 ---------------------------------------------------------------------------------
 Estimated maximum stack depth 1
 ---------------------------------------------------------------------------------

 Call Graph Graphs:

 _main (ROOT)
   _initialize

 Address spaces:
Name               Size   Autos  Total    Cost      Usage
BITCOMRAM           5F      0       0       0        0.0%
EEDATA             100      0       0       0        0.0%
NULL                 0      0       0       0        0.0%
CODE                 0      0       0       0        0.0%
COMRAM              5F      5       5       1        5.3%
STACK                0      0       0       2        0.0%
DATA                 0      0       0       3        0.0%
BITBANK0            A0      0       0       4        0.0%
BANK0               A0      0       0       5        0.0%
ABS                  0      0       0       6        0.0%
BITBANK1           100      0       0       7        0.0%
BANK1              100      0       0       8        0.0%
BITBANK2           100      0       0       9        0.0%
BANK2              100      0       0      10        0.0%
BITBANK3           100      0       0      11        0.0%
BANK3              100      0       0      12        0.0%
BITBANK4           100      0       0      13        0.0%
BANK4              100      0       0      14        0.0%
BITBANK5           100      0       0      15        0.0%
BANK5              100      0       0      16        0.0%
BITBANK6           100      0       0      17        0.0%
BANK6              100      0       0      18        0.0%
BITBANK7           100      0       0      19        0.0%
BANK7              100      0       0      20        0.0%
BIGRAM             7FF      0       0      21        0.0%
BITSFR_1             0      0       0     200        0.0%
SFR_1                0      0       0     200        0.0%
BITSFR               0      0       0     200        0.0%
SFR                  0      0       0     200        0.0%


Microchip Technology PIC18 Macro Assembler V1.45 build -152302408 
Symbol Table                                                                                   Thu Apr 12 16:58:42 2018

                     l28 7F86                       u17 7FA0                       u27 7FBE  
                     u37 7FDC                       u47 7FFA             __CFG_CP0$OFF 000000  
           __CFG_CP1$OFF 000000             __CFG_CP2$OFF 000000             __CFG_CP3$OFF 000000  
           __CFG_CPB$OFF 000000             __CFG_CPD$OFF 000000                      wreg 000FE8  
           __CFG_LVP$OFF 000000                     _main 7F82            __CFG_BORV$190 000000  
                   start 0002            __CFG_IESO$OFF 000000            __CFG_MCLRE$ON 000000  
           ___param_bank 000000                    ?_main 0001                    _PORTA 000F80  
                  _PORTB 000F81                    _PORTC 000F82                    _TRISA 000F92  
                  _TRISB 000F93                    _TRISC 000F94            __CFG_WRT0$OFF 000000  
          __CFG_WRT1$OFF 000000            __CFG_WRT2$OFF 000000            __CFG_WRT3$OFF 000000  
         __CFG_EBTR0$OFF 000000           __CFG_FCMEN$OFF 000000           __CFG_EBTR1$OFF 000000  
         __CFG_EBTR2$OFF 000000           __CFG_EBTR3$OFF 000000            __CFG_WRTB$OFF 000000  
          __CFG_WRTC$OFF 000000            __CFG_WRTD$OFF 000000           __CFG_EBTRB$OFF 000000  
         __CFG_T3CMX$RC0 000000           __CFG_ICPRT$OFF 000000           __CFG_PBADEN$ON 000000  
        __initialization 7F56             __end_of_main 8000           __CFG_PCLKEN$ON 000000  
                 ??_main 0006            __activetblptr 000000           __CFG_SDOMX$RB3 000000  
        __CFG_CCP2MX$RC1 000000                   _ADCON0 000FC2                   _ADCON1 000FC1  
                 _ADCON2 000FC0           __CFG_WDTEN$OFF 000000           __CFG_XINST$OFF 000000  
         __CFG_STVREN$ON 000000          __CFG_FOSC$ECHIO 000000     __CFG_LS48MHZ$SYS24X4 000000  
             __accesstop 0060  __end_of__initialization 7F56            ___rparam_used 000001  
         __pcstackCOMRAM 0001         __CFG_nPWRTEN$OFF 000000        __CFG_PLLSEL$PLL4X 000000  
                __Hparam 0000                  __Lparam 0000                  __pcinit 7F56  
                __ramtop 0800               _initialize 7F5C                  __ptext0 7F82  
                __ptext1 7F5C     end_of_initialization 7F56              ?_initialize 0001  
    start_initialization 7F56          __CFG_nLPBOR$OFF 000000      __size_of_initialize 0026  
       __CFG_WDTPS$32768 000000        __CFG_CFGPLLEN$OFF 000000                 __Hrparam 0000  
               __Lrparam 0000       __CFG_BOREN$SBORDIS 000000             ??_initialize 0001  
          __size_of_main 007E       __end_of_initialize 7F82                 main@argc 0001  
               main@argv 0003     __CFG_CPUDIV$NOCLKDIV 000000  
