

Microchip Technology PIC18 LITE Macro Assembler V1.45 build -152302408 
                                                                                               Mon Apr 16 13:37:15 2018

Microchip Technology Omniscient Code Generator v1.45 (Free mode) build 201711160504
     1                           	processor	18F25K50
     2                           	fnconf	rparam,??,?,0
     3                           	opt	pw 120
     4                           	opt	lm
     5                           	psect	cinit,global,reloc=2,class=CODE,delta=1
     6                           	psect	cstackCOMRAM,global,class=COMRAM,space=1,delta=1,noexec
     7                           	psect	text0,global,reloc=2,class=CODE,delta=1
     8                           	psect	text1,global,reloc=2,class=CODE,delta=1
     9                           	psect	intsave_regs,global,class=BIGRAM,space=1,delta=1,noexec
    10                           	psect	rparam,global,class=COMRAM,space=1,delta=1,noexec
    11  0000                     
    12                           ; Version 1.45
    13                           ; Generated 16/11/2017 GMT
    14                           ; 
    15                           ; Copyright © 2017, Microchip Technology Inc. and its subsidiaries ("Microchip")
    16                           ; All rights reserved.
    17                           ; 
    18                           ; This software is developed by Microchip Technology Inc. and its subsidiaries ("Microch
      +                          ip").
    19                           ; 
    20                           ; Redistribution and use in source and binary forms, with or without modification, are
    21                           ; permitted provided that the following conditions are met:
    22                           ; 
    23                           ;     1. Redistributions of source code must retain the above copyright notice, this lis
      +                          t of
    24                           ;        conditions and the following disclaimer.
    25                           ; 
    26                           ;     2. Redistributions in binary form must reproduce the above copyright notice, this 
      +                          list
    27                           ;        of conditions and the following disclaimer in the documentation and/or other
    28                           ;        materials provided with the distribution.
    29                           ; 
    30                           ;     3. Microchip's name may not be used to endorse or promote products derived from th
      +                          is
    31                           ;        software without specific prior written permission.
    32                           ; 
    33                           ; THIS SOFTWARE IS PROVIDED BY MICROCHIP "AS IS" AND ANY EXPRESS OR IMPLIED WARRANTIES,
    34                           ; INCLUDING, BUT NOT LIMITED TO, THE IMPLIED WARRANTIES OF MERCHANTABILITY AND FITNESS F
      +                          OR
    35                           ; PURPOSE ARE DISCLAIMED.  IN NO EVENT SHALL MICROCHIP BE LIABLE FOR ANY DIRECT, INDIREC
      +                          T,
    36                           ; INCIDENTAL, SPECIAL, EXEMPLARY, OR CONSEQUENTIAL DAMAGES (INCLUDING BUT NOT LIMITED TO
    37                           ; PROCUREMENT OF SUBSTITUTE GOODS OR SERVICES; LOSS OF USE, DATA OR PROFITS; OR BUSINESS
    38                           ; INTERRUPTION) HOWSOEVER CAUSED AND ON ANY THEORY OF LIABILITY, WHETHER IN CONTRACT, ST
      +                          RICT
    39                           ; LIABILITY, OR TORT (INCLUDING NEGLIGENCE OR OTHERWISE) ARISING IN ANY WAY OUT OF THE U
      +                          SE OF
    40                           ; THIS SOFTWARE, EVEN IF ADVISED OF THE POSSIBILITY OF SUCH DAMAGE.
    41                           ; 
    42                           ; 
    43                           ; Code-generator required, PIC18F25K50 Definitions
    44                           ; 
    45                           ; SFR Addresses
    46  0000                     _PORTC	set	3970
    47  0000                     _PORTB	set	3969
    48  0000                     _PORTA	set	3968
    49  0000                     _TRISC	set	3988
    50  0000                     _TRISB	set	3987
    51  0000                     _TRISA	set	3986
    52                           
    53                           ; #config settings
    54  0000                     
    55                           	psect	cinit
    56  007FD6                     __pcinit:
    57                           	opt stack 0
    58  007FD6                     start_initialization:
    59                           	opt stack 0
    60  007FD6                     __initialization:
    61                           	opt stack 0
    62  007FD6                     end_of_initialization:
    63                           	opt stack 0
    64  007FD6                     __end_of__initialization:
    65                           	opt stack 0
    66  007FD6  0100               	movlb	0
    67  007FD8  EFEE  F03F         	goto	_main	;jump to C main() function
    68                           
    69                           	psect	cstackCOMRAM
    70  000001                     __pcstackCOMRAM:
    71                           	opt stack 0
    72  000001                     
    73                           ; 2 bytes @ 0x0
    74  000001                     	ds	2
    75  000003                     
    76                           ; 3 bytes @ 0x2
    77  000003                     	ds	3
    78  000006                     
    79                           ; 1 bytes @ 0x5
    80 ;;
    81 ;;Main: autosize = 0, tempsize = 0, incstack = 0, save=0
    82 ;;
    83 ;; *************** function _main *****************
    84 ;; Defined at:
    85 ;;		line 110 in file "pic18fmain.c"
    86 ;; Parameters:    Size  Location     Type
    87 ;;  argc            2    0[COMRAM] int 
    88 ;;  argv            3    2[COMRAM] PTR PTR unsigned char 
    89 ;; Auto vars:     Size  Location     Type
    90 ;;		None
    91 ;; Return value:  Size  Location     Type
    92 ;;                  2    0[COMRAM] int 
    93 ;; Registers used:
    94 ;;		wreg, status,2, cstack
    95 ;; Tracked objects:
    96 ;;		On entry : 0/0
    97 ;;		On exit  : 0/0
    98 ;;		Unchanged: 0/0
    99 ;; Data sizes:     COMRAM   BANK0   BANK1   BANK2   BANK3   BANK4   BANK5   BANK6   BANK7
   100 ;;      Params:         5       0       0       0       0       0       0       0       0
   101 ;;      Locals:         0       0       0       0       0       0       0       0       0
   102 ;;      Temps:          0       0       0       0       0       0       0       0       0
   103 ;;      Totals:         5       0       0       0       0       0       0       0       0
   104 ;;Total ram usage:        5 bytes
   105 ;; Hardware stack levels required when called:    1
   106 ;; This function calls:
   107 ;;		_initialize
   108 ;; This function is called by:
   109 ;;		Startup code after reset
   110 ;; This function uses a non-reentrant model
   111 ;;
   112                           
   113                           	psect	text0
   114  007FDC                     __ptext0:
   115                           	opt stack 0
   116  007FDC                     _main:
   117                           	opt stack 30
   118                           
   119                           ;pic18fmain.c: 111: initialize();
   120                           
   121                           ;incstack = 0
   122  007FDC  ECF3  F03F         	call	_initialize	;wreg free
   123  007FE0                     
   124                           ;pic18fmain.c: 114: PORTA = 0x00111111;
   125  007FE0  0E11               	movlw	17
   126  007FE2  6E80               	movwf	3968,c	;volatile
   127  007FE4  D7FD               	goto	l20
   128  007FE6                     __end_of_main:
   129                           	opt stack 0
   130                           
   131 ;; *************** function _initialize *****************
   132 ;; Defined at:
   133 ;;		line 100 in file "pic18fmain.c"
   134 ;; Parameters:    Size  Location     Type
   135 ;;		None
   136 ;; Auto vars:     Size  Location     Type
   137 ;;		None
   138 ;; Return value:  Size  Location     Type
   139 ;;                  1    wreg      void 
   140 ;; Registers used:
   141 ;;		wreg, status,2
   142 ;; Tracked objects:
   143 ;;		On entry : 0/0
   144 ;;		On exit  : 0/0
   145 ;;		Unchanged: 0/0
   146 ;; Data sizes:     COMRAM   BANK0   BANK1   BANK2   BANK3   BANK4   BANK5   BANK6   BANK7
   147 ;;      Params:         0       0       0       0       0       0       0       0       0
   148 ;;      Locals:         0       0       0       0       0       0       0       0       0
   149 ;;      Temps:          0       0       0       0       0       0       0       0       0
   150 ;;      Totals:         0       0       0       0       0       0       0       0       0
   151 ;;Total ram usage:        0 bytes
   152 ;; Hardware stack levels used:    1
   153 ;; This function calls:
   154 ;;		Nothing
   155 ;; This function is called by:
   156 ;;		_main
   157 ;; This function uses a non-reentrant model
   158 ;;
   159                           
   160                           	psect	text1
   161  007FE6                     __ptext1:
   162                           	opt stack 0
   163  007FE6                     _initialize:
   164                           	opt stack 30
   165                           
   166                           ;pic18fmain.c: 101: TRISA = 0x0;
   167                           
   168                           ;incstack = 0
   169  007FE6  0E00               	movlw	0
   170  007FE8  6E92               	movwf	3986,c	;volatile
   171                           
   172                           ;pic18fmain.c: 102: TRISB = 0x0;
   173  007FEA  0E00               	movlw	0
   174  007FEC  6E93               	movwf	3987,c	;volatile
   175                           
   176                           ;pic18fmain.c: 103: TRISC = 0x0;
   177  007FEE  0E00               	movlw	0
   178  007FF0  6E94               	movwf	3988,c	;volatile
   179                           
   180                           ;pic18fmain.c: 105: PORTA = 0;
   181  007FF2  0E00               	movlw	0
   182  007FF4  6E80               	movwf	3968,c	;volatile
   183                           
   184                           ;pic18fmain.c: 106: PORTB = 0;
   185  007FF6  0E00               	movlw	0
   186  007FF8  6E81               	movwf	3969,c	;volatile
   187                           
   188                           ;pic18fmain.c: 107: PORTC = 0;
   189  007FFA  0E00               	movlw	0
   190  007FFC  6E82               	movwf	3970,c	;volatile
   191  007FFE  0012               	return		;funcret
   192  008000                     __end_of_initialize:
   193                           	opt stack 0
   194  0000                     
   195                           	psect	rparam


Data Sizes:
    Strings     0
    Constant    0
    Data        0
    BSS         0
    Persistent  0
    Stack       0

Auto Spaces:
    Space          Size  Autos    Used
    COMRAM           95      5       5
    BANK0           160      0       0
    BANK1           256      0       0
    BANK2           256      0       0
    BANK3           256      0       0
    BANK4           256      0       0
    BANK5           256      0       0
    BANK6           256      0       0
    BANK7           256      0       0

Pointer List with Targets:

    None.

Critical Paths under _main in COMRAM

    None.

Critical Paths under _main in BANK0

    None.

Critical Paths under _main in BANK1

    None.

Critical Paths under _main in BANK2

    None.

Critical Paths under _main in BANK3

    None.

Critical Paths under _main in BANK4

    None.

Critical Paths under _main in BANK5

    None.

Critical Paths under _main in BANK6

    None.

Critical Paths under _main in BANK7

    None.

Call Graph Tables:

 ---------------------------------------------------------------------------------
 (Depth) Function   	        Calls       Base Space   Used Autos Params    Refs
 ---------------------------------------------------------------------------------
 (0) _main                                                 5     0      5       0
                                              0 COMRAM     5     0      5
                         _initialize
 ---------------------------------------------------------------------------------
 (1) _initialize                                           0     0      0       0
 ---------------------------------------------------------------------------------
 Estimated maximum stack depth 1
 ---------------------------------------------------------------------------------

 Call Graph Graphs:

 _main (ROOT)
   _initialize

 Address spaces:
Name               Size   Autos  Total    Cost      Usage
BITCOMRAM           5F      0       0       0        0.0%
EEDATA             100      0       0       0        0.0%
NULL                 0      0       0       0        0.0%
CODE                 0      0       0       0        0.0%
COMRAM              5F      5       5       1        5.3%
STACK                0      0       0       2        0.0%
DATA                 0      0       0       3        0.0%
BITBANK0            A0      0       0       4        0.0%
BANK0               A0      0       0       5        0.0%
ABS                  0      0       0       6        0.0%
BITBANK1           100      0       0       7        0.0%
BANK1              100      0       0       8        0.0%
BITBANK2           100      0       0       9        0.0%
BANK2              100      0       0      10        0.0%
BITBANK3           100      0       0      11        0.0%
BANK3              100      0       0      12        0.0%
BITBANK4           100      0       0      13        0.0%
BANK4              100      0       0      14        0.0%
BITBANK5           100      0       0      15        0.0%
BANK5              100      0       0      16        0.0%
BITBANK6           100      0       0      17        0.0%
BANK6              100      0       0      18        0.0%
BITBANK7           100      0       0      19        0.0%
BANK7              100      0       0      20        0.0%
BIGRAM             7FF      0       0      21        0.0%
BITSFR_1             0      0       0     200        0.0%
SFR_1                0      0       0     200        0.0%
BITSFR               0      0       0     200        0.0%
SFR                  0      0       0     200        0.0%


Microchip Technology PIC18 Macro Assembler V1.45 build -152302408 
Symbol Table                                                                                   Mon Apr 16 13:37:15 2018

                     l20 7FE0             __CFG_CP0$OFF 000000             __CFG_CP1$OFF 000000  
           __CFG_CP2$OFF 000000             __CFG_CP3$OFF 000000             __CFG_CPB$OFF 000000  
           __CFG_CPD$OFF 000000             __CFG_FOSC$XT 000000             __CFG_LVP$OFF 000000  
                   _main 7FDC            __CFG_BORV$190 000000                     start 0000  
          __CFG_IESO$OFF 000000            __CFG_MCLRE$ON 000000             ___param_bank 000000  
                  ?_main 0001                    _PORTA 000F80                    _PORTB 000F81  
                  _PORTC 000F82                    _TRISA 000F92                    _TRISB 000F93  
                  _TRISC 000F94            __CFG_WRT0$OFF 000000            __CFG_WRT1$OFF 000000  
          __CFG_WRT2$OFF 000000            __CFG_WRT3$OFF 000000           __CFG_EBTR0$OFF 000000  
         __CFG_FCMEN$OFF 000000           __CFG_EBTR1$OFF 000000           __CFG_EBTR2$OFF 000000  
         __CFG_EBTR3$OFF 000000            __CFG_WRTB$OFF 000000            __CFG_WRTC$OFF 000000  
          __CFG_WRTD$OFF 000000           __CFG_EBTRB$OFF 000000           __CFG_BOREN$OFF 000000  
         __CFG_T3CMX$RC0 000000           __CFG_ICPRT$OFF 000000          __initialization 7FD6  
           __end_of_main 7FE6           __CFG_PCLKEN$ON 000000                   ??_main 0006  
          __activetblptr 000000           __CFG_SDOMX$RB3 000000          __CFG_CCP2MX$RC1 000000  
         __CFG_WDTEN$OFF 000000           __CFG_XINST$OFF 000000           __CFG_STVREN$ON 000000  
   __CFG_LS48MHZ$SYS24X4 000000               __accesstop 0060  __end_of__initialization 7FD6  
        __CFG_PBADEN$OFF 000000            ___rparam_used 000001           __pcstackCOMRAM 0001  
       __CFG_nPWRTEN$OFF 000000        __CFG_PLLSEL$PLL4X 000000                  __Hparam 0000  
                __Lparam 0000                  __pcinit 7FD6                  __ramtop 0800  
             _initialize 7FE6                  __ptext0 7FDC                  __ptext1 7FE6  
   end_of_initialization 7FD6              ?_initialize 0001      start_initialization 7FD6  
        __CFG_nLPBOR$OFF 000000      __size_of_initialize 001A         __CFG_WDTPS$32768 000000  
      __CFG_CFGPLLEN$OFF 000000                 __Hrparam 0000                 __Lrparam 0000  
           ??_initialize 0001            __size_of_main 000A       __end_of_initialize 8000  
               main@argc 0001                 main@argv 0003     __CFG_CPUDIV$NOCLKDIV 000000  
